app/build/intermediates/manifest_merge_blame_file/release/manifest-merger-blame-release-report.txt
1<?xml version="1.0" encoding="utf-8"?>
2<manifest xmlns:android="http://schemas.android.com/apk/res/android"
3    package="com.tiodev.vegtummy"
4    android:versionCode="1"
5    android:versionName="1.0" >
6
7    <uses-sdk
8        android:minSdkVersion="23"
8-->src\main\AndroidManifest.xml
9        android:targetSdkVersion="31" />
9-->src\main\AndroidManifest.xml
10
11    <uses-permission android:name="android.permission.INTERNET" />
11-->src\main\AndroidManifest.xml:5:5-67
11-->src\main\AndroidManifest.xml:5:22-64
12    <uses-permission android:name="android.permission.ACCESS_NETWORK_STATE" />
12-->src\main\AndroidManifest.xml:6:5-79
12-->src\main\AndroidManifest.xml:6:22-76
13
14    <application
14-->src\main\AndroidManifest.xml:8:5-42:19
15        android:allowBackup="false"
15-->src\main\AndroidManifest.xml:9:9-36
16        android:appComponentFactory="androidx.core.app.CoreComponentFactory"
16-->[androidx.core:core:1.7.0] AndroidManifest.xml:24:18-86
17        android:extractNativeLibs="false"
18        android:icon="@mipmap/ic_launcher"
18-->src\main\AndroidManifest.xml:10:9-43
19        android:label="@string/app_name"
19-->src\main\AndroidManifest.xml:11:9-41
20        android:roundIcon="@mipmap/ic_launcher_round"
20-->src\main\AndroidManifest.xml:12:9-54
21        android:supportsRtl="true"
21-->src\main\AndroidManifest.xml:13:9-35
22        android:theme="@style/Theme.RecyclerView" >
22-->src\main\AndroidManifest.xml:14:9-50
23        <activity
23-->src\main\AndroidManifest.xml:15:9-23:20
24            android:name="com.tiodev.vegtummy.SplashActivity"
24-->src\main\AndroidManifest.xml:16:13-62
25            android:exported="true" >
25-->src\main\AndroidManifest.xml:17:13-36
26            <intent-filter>
26-->src\main\AndroidManifest.xml:18:9-22:25
27                <action android:name="android.intent.action.MAIN" />
27-->src\main\AndroidManifest.xml:19:13-65
27-->src\main\AndroidManifest.xml:19:21-62
28
29                <category android:name="android.intent.category.LAUNCHER" />
29-->src\main\AndroidManifest.xml:21:13-73
29-->src\main\AndroidManifest.xml:21:23-70
30            </intent-filter>
31        </activity>
32        <activity
32-->src\main\AndroidManifest.xml:24:9-26:40
33            android:name="com.tiodev.vegtummy.SearchActivity"
33-->src\main\AndroidManifest.xml:25:13-62
34            android:exported="false" />
34-->src\main\AndroidManifest.xml:26:13-37
35        <activity
35-->src\main\AndroidManifest.xml:27:9-31:20
36            android:name="com.tiodev.vegtummy.HomeActivity"
36-->src\main\AndroidManifest.xml:28:13-60
37            android:exported="true" >
37-->src\main\AndroidManifest.xml:29:13-36
38        </activity>
39        <activity
39-->src\main\AndroidManifest.xml:32:9-34:40
40            android:name="com.tiodev.vegtummy.RecipeActivity"
40-->src\main\AndroidManifest.xml:33:13-62
41            android:exported="false" />
41-->src\main\AndroidManifest.xml:34:13-37
42        <activity
42-->src\main\AndroidManifest.xml:35:9-37:39
43            android:name="com.tiodev.vegtummy.MainActivity"
43-->src\main\AndroidManifest.xml:36:13-60
44            android:exported="true" />
44-->src\main\AndroidManifest.xml:37:13-36
45
46        <meta-data
46-->src\main\AndroidManifest.xml:39:9-41:57
47            android:name="preloaded_fonts"
47-->src\main\AndroidManifest.xml:40:13-43
48            android:resource="@array/preloaded_fonts" />
48-->src\main\AndroidManifest.xml:41:13-54
49
50        <activity
50-->[com.google.android.gms:play-services-base:18.0.1] AndroidManifest.xml:20:9-22:45
51            android:name="com.google.android.gms.common.api.GoogleApiActivity"
51-->[com.google.android.gms:play-services-base:18.0.1] AndroidManifest.xml:20:19-85
52            android:exported="false"
52-->[com.google.android.gms:play-services-base:18.0.1] AndroidManifest.xml:22:19-43
53            android:theme="@android:style/Theme.Translucent.NoTitleBar" />
53-->[com.google.android.gms:play-services-base:18.0.1] AndroidManifest.xml:21:19-78
54
55        <meta-data
55-->[com.google.android.gms:play-services-basement:18.0.1] AndroidManifest.xml:21:9-23:69
56            android:name="com.google.android.gms.version"
56-->[com.google.android.gms:play-services-basement:18.0.1] AndroidManifest.xml:22:13-58
57            android:value="@integer/google_play_services_version" />
57-->[com.google.android.gms:play-services-basement:18.0.1] AndroidManifest.xml:23:13-66
58
59        <service
59-->[androidx.room:room-runtime:2.4.3] AndroidManifest.xml:25:9-28:40
60            android:name="androidx.room.MultiInstanceInvalidationService"
60-->[androidx.room:room-runtime:2.4.3] AndroidManifest.xml:26:13-74
61            android:directBootAware="true"
61-->[androidx.room:room-runtime:2.4.3] AndroidManifest.xml:27:13-43
62            android:exported="false" />
62-->[androidx.room:room-runtime:2.4.3] AndroidManifest.xml:28:13-37
63
64        <provider
64-->[androidx.emoji2:emoji2:1.0.0] AndroidManifest.xml:26:9-34:20
65            android:name="androidx.startup.InitializationProvider"
65-->[androidx.emoji2:emoji2:1.0.0] AndroidManifest.xml:27:13-67
66            android:authorities="com.tiodev.vegtummy.androidx-startup"
66-->[androidx.emoji2:emoji2:1.0.0] AndroidManifest.xml:28:13-68
67            android:exported="false" >
67-->[androidx.emoji2:emoji2:1.0.0] AndroidManifest.xml:29:13-37
68            <meta-data
68-->[androidx.emoji2:emoji2:1.0.0] AndroidManifest.xml:31:13-33:52
69                android:name="androidx.emoji2.text.EmojiCompatInitializer"
69-->[androidx.emoji2:emoji2:1.0.0] AndroidManifest.xml:32:17-75
70                android:value="androidx.startup" />
70-->[androidx.emoji2:emoji2:1.0.0] AndroidManifest.xml:33:17-49
71            <meta-data
71-->[androidx.lifecycle:lifecycle-process:2.4.0] AndroidManifest.xml:31:13-33:52
72                android:name="androidx.lifecycle.ProcessLifecycleInitializer"
72-->[androidx.lifecycle:lifecycle-process:2.4.0] AndroidManifest.xml:32:17-78
73                android:value="androidx.startup" />
73-->[androidx.lifecycle:lifecycle-process:2.4.0] AndroidManifest.xml:33:17-49
74        </provider>
75    </application>
76
77</manifest>